Determining if the pthread_create exist failed with the following output:
Change Dir: /home/kenan/catkin_ws/build/CMakeFiles/CMakeTmp

Run Build Command:"/usr/bin/make" "cmTC_01315/fast"
/usr/bin/make -f CMakeFiles/cmTC_01315.dir/build.make CMakeFiles/cmTC_01315.dir/build
make[1]: Entering directory '/home/kenan/catkin_ws/build/CMakeFiles/CMakeTmp'
Building C object CMakeFiles/cmTC_01315.dir/CheckSymbolExists.c.o
/usr/bin/cc     -o CMakeFiles/cmTC_01315.dir/CheckSymbolExists.c.o   -c /home/kenan/catkin_ws/build/CMakeFiles/CMakeTmp/CheckSymbolExists.c
Linking C executable cmTC_01315
/usr/bin/cmake -E cmake_link_script CMakeFiles/cmTC_01315.dir/link.txt --verbose=1
/usr/bin/cc       CMakeFiles/cmTC_01315.dir/CheckSymbolExists.c.o  -o cmTC_01315 -rdynamic 
CMakeFiles/cmTC_01315.dir/CheckSymbolExists.c.o: In function `main':
CheckSymbolExists.c:(.text+0xe): undefined reference to `pthread_create'
CheckSymbolExists.c:(.text+0x12): undefined reference to `pthread_create'
collect2: error: ld returned 1 exit status
CMakeFiles/cmTC_01315.dir/build.make:97: recipe for target 'cmTC_01315' failed
make[1]: *** [cmTC_01315] Error 1
make[1]: Leaving directory '/home/kenan/catkin_ws/build/CMakeFiles/CMakeTmp'
Makefile:126: recipe for target 'cmTC_01315/fast' failed
make: *** [cmTC_01315/fast] Error 2

File /home/kenan/catkin_ws/build/CMakeFiles/CMakeTmp/CheckSymbolExists.c:
/* */
#include <pthread.h>

int main(int argc, char** argv)
{
  (void)argv;
#ifndef pthread_create
  return ((int*)(&pthread_create))[argc];
#else
  (void)argc;
  return 0;
#endif
}

Determining if the function pthread_create exists in the pthreads failed with the following output:
Change Dir: /home/kenan/catkin_ws/build/CMakeFiles/CMakeTmp

Run Build Command:"/usr/bin/make" "cmTC_e2137/fast"
/usr/bin/make -f CMakeFiles/cmTC_e2137.dir/build.make CMakeFiles/cmTC_e2137.dir/build
make[1]: Entering directory '/home/kenan/catkin_ws/build/CMakeFiles/CMakeTmp'
Building C object CMakeFiles/cmTC_e2137.dir/CheckFunctionExists.c.o
/usr/bin/cc    -DCHECK_FUNCTION_EXISTS=pthread_create   -o CMakeFiles/cmTC_e2137.dir/CheckFunctionExists.c.o   -c /usr/share/cmake-3.5/Modules/CheckFunctionExists.c
Linking C executable cmTC_e2137
/usr/bin/cmake -E cmake_link_script CMakeFiles/cmTC_e2137.dir/link.txt --verbose=1
/usr/bin/cc   -DCHECK_FUNCTION_EXISTS=pthread_create    CMakeFiles/cmTC_e2137.dir/CheckFunctionExists.c.o  -o cmTC_e2137 -rdynamic -lpthreads 
/usr/bin/ld: cannot find -lpthreads
collect2: error: ld returned 1 exit status
CMakeFiles/cmTC_e2137.dir/build.make:97: recipe for target 'cmTC_e2137' failed
make[1]: *** [cmTC_e2137] Error 1
make[1]: Leaving directory '/home/kenan/catkin_ws/build/CMakeFiles/CMakeTmp'
Makefile:126: recipe for target 'cmTC_e2137/fast' failed
make: *** [cmTC_e2137/fast] Error 2


